<?xml version="1.0" encoding="UTF-8"?>
<!-- Generated by org.testng.reporters.JUnitXMLReporter -->
<testsuite ignored="0" hostname="Deepak" failures="0" tests="3" name="Default test" time="12.986" errors="0" timestamp="2024-04-15T07:23:42 IST">
  <testcase classname="com.Qa.testCases.FacebookLoginTest" name="EnterUserName" time="3.179"/>
  <testcase classname="com.Qa.testCases.FacebookLoginTest" name="EnterPassword" time="2.241"/>
  <testcase classname="com.Qa.testCases.FacebookLoginTest" name="clickOnLoginButton" time="2.179"/>
</testsuite> <!-- Default test -->
